┌ Info: 2026-06-30T19:56:08.894 [26064:1]: Initializing Optimization Container For a DecisionModel
└ @ PowerSimulations C:\Users\Nano\.julia\packages\PowerSimulations\hIwTZ\src\operation\decision_model.jl:290
┌ Info: 2026-06-30T19:56:08.895 [26064:1]: Initializing ModelStoreParams
└ @ PowerSimulations C:\Users\Nano\.julia\packages\PowerSimulations\hIwTZ\src\operation\decision_model.jl:296
┌ Info: 2026-06-30T19:56:08.895 [26064:1]: Instantiating Network Model
└ @ PowerSimulations C:\Users\Nano\.julia\packages\PowerSimulations\hIwTZ\src\operation\decision_model.jl:305
┌ Info: 2026-06-30T19:56:08.895 [26064:1]: Validating connectivity with depth first search (network traversal)
└ @ PowerNetworkMatrices C:\Users\Nano\.julia\packages\PowerNetworkMatrices\YBcAg\src\system_utils.jl:12
┌ Info: 2026-06-30T19:56:08.895 [26064:1]: Make Initial Conditions Model
└ @ PowerSimulations C:\Users\Nano\.julia\packages\PowerSimulations\hIwTZ\src\operation\operation_model_interface.jl:193
┌ Info: 2026-06-30T19:56:08.895 [26064:1]: No initial conditions in the model
└ @ PowerSimulations C:\Users\Nano\.julia\packages\PowerSimulations\hIwTZ\src\operation\operation_model_interface.jl:138
┌ Info: 2026-06-30T19:56:08.905 [26064:1]: 
│ ─────────────────────────────────────────────────────────────────────────────────────
│                                             Time                    Allocations      
│                                    ───────────────────────   ────────────────────────
│          Tot / % measured:             12.2ms /  94.9%           3.09MiB /  99.4%    
│ 
│ Section                    ncalls     time    %tot     avg     alloc    %tot      avg
│ ─────────────────────────────────────────────────────────────────────────────────────
│ Problem GenericOpProblem        1   11.6ms  100.0%  11.6ms   3.08MiB  100.0%  3.08MiB
│   PowerLoad                     2   4.92ms   42.6%  2.46ms   1.10MiB   35.7%   562KiB
│   ThermalStandard               2   1.29ms   11.2%   644μs   1.13MiB   36.8%   580KiB
│   Build pre-step                1   1.15ms   10.0%  1.15ms   79.0KiB    2.5%  79.0KiB
│   Line                          2    688μs    6.0%   344μs    208KiB    6.6%   104KiB
│   RenewableDispatch             2    686μs    5.9%   343μs    118KiB    3.8%  59.2KiB
│   CopperPlatePowerModel         1    668μs    5.8%   668μs    116KiB    3.7%   116KiB
│   Transformer2W                 2    155μs    1.3%  77.5μs   37.3KiB    1.2%  18.6KiB
│   Model Initialization          1   41.6μs    0.4%  41.6μs   26.3KiB    0.8%  26.3KiB
│   Objective                     1   22.4μs    0.2%  22.4μs   37.4KiB    1.2%  37.4KiB
│   InterruptiblePowerLoad        2   4.70μs    0.0%  2.35μs      448B    0.0%     224B
│   RenewableFix                  2   4.30μs    0.0%  2.15μs      448B    0.0%     224B
│   TwoTerminalHVDCLine           2   4.20μs    0.0%  2.10μs      448B    0.0%     224B
│   TapTransformer                2   4.10μs    0.0%  2.05μs      448B    0.0%     224B
│   Services                      2    600ns    0.0%   300ns     0.00B    0.0%    0.00B
│ ─────────────────────────────────────────────────────────────────────────────────────
└ @ PowerSimulations C:\Users\Nano\.julia\packages\PowerSimulations\hIwTZ\src\operation\decision_model.jl:353
┌ Info: 2026-06-30T19:56:08.906 [26064:1]: GenericOpProblem optimizer set to: Ipopt
└ @ PowerSimulations C:\Users\Nano\.julia\packages\PowerSimulations\hIwTZ\src\operation\operation_model_interface.jl:309
┌ Info: 2026-06-30T19:56:08.906 [26064:1]: Checking Numerical Bounds
└ @ PowerSimulations C:\Users\Nano\.julia\packages\PowerSimulations\hIwTZ\src\operation\operation_model_interface.jl:312
┌ Info: 2026-06-30T19:56:08.906 [26064:1]: Variable bounds range is [0.55 1.0]
└ @ PowerSimulations C:\Users\Nano\.julia\packages\PowerSimulations\hIwTZ\src\operation\operation_model_interface.jl:270
┌ Info: 2026-06-30T19:56:08.907 [26064:1]: Constraint coefficient bounds range is [1.0 1.0]
└ @ PowerSimulations C:\Users\Nano\.julia\packages\PowerSimulations\hIwTZ\src\operation\operation_model_interface.jl:280
┌ Info: 2026-06-30T19:56:08.907 [26064:1]: Constraint right-hand-side bounds [0.045000000000000005 2.8490000000000006]
└ @ PowerSimulations C:\Users\Nano\.julia\packages\PowerSimulations\hIwTZ\src\operation\operation_model_interface.jl:289
┌ Info: 2026-06-30T19:56:08.948 [26064:1]: Serialized time series data to c:\Users\Nano\OneDrive\Old\Uni\2026-1\Sis de Pot\Proyecto\Código proyecto\proyecto-potencia\ED_model\system-9ab5cc83-4747-423a-9064-72cbcddda980_time_series_storage.h5.
└ @ InfrastructureSystems C:\Users\Nano\.julia\packages\InfrastructureSystems\9btGb\src\time_series_storage.jl:98
┌ Info: 2026-06-30T19:56:10.424 [26064:1]: Serialized System to c:\Users\Nano\OneDrive\Old\Uni\2026-1\Sis de Pot\Proyecto\Código proyecto\proyecto-potencia\ED_model\system-9ab5cc83-4747-423a-9064-72cbcddda980.json
└ @ PowerSystems C:\Users\Nano\.julia\packages\PowerSystems\xh3fM\src\base.jl:299
┌ Info: 2026-06-30T19:56:10.427 [26064:1]: Serialized System metadata to c:\Users\Nano\OneDrive\Old\Uni\2026-1\Sis de Pot\Proyecto\Código proyecto\proyecto-potencia\ED_model\system-9ab5cc83-4747-423a-9064-72cbcddda980_metadata.json
└ @ PowerSystems C:\Users\Nano\.julia\packages\PowerSystems\xh3fM\src\base.jl:324
┌ Info: 2026-06-30T19:56:10.428 [26064:1]: Serialized OperationModel to
│   bin_file_name = c:\Users\Nano\OneDrive\Old\Uni\2026-1\Sis de Pot\Proyecto\Código proyecto\proyecto-potencia\ED_model\model.bin
└ @ PowerSimulations C:\Users\Nano\.julia\packages\PowerSimulations\hIwTZ\src\operation\operation_model_serialization.jl:67
┌ Info: 2026-06-30T19:56:10.432 [26064:1]: Serialize ProblemResults to c:\Users\Nano\OneDrive\Old\Uni\2026-1\Sis de Pot\Proyecto\Código proyecto\proyecto-potencia\ED_model\problem_results.bin
└ @ PowerSimulations C:\Users\Nano\.julia\packages\PowerSimulations\hIwTZ\src\operation\problem_results.jl:256
┌ Info: 2026-06-30T19:56:10.433 [26064:1]: 
│ ───────────────────────────────────────────────────────────────────────────────
│                                       Time                    Allocations      
│                              ───────────────────────   ────────────────────────
│       Tot / % measured:           1.53s / 100.0%           67.7MiB /  99.9%    
│ 
│ Section              ncalls     time    %tot     avg     alloc    %tot      avg
│ ───────────────────────────────────────────────────────────────────────────────
│ Serialize                 1    1.49s   97.6%   1.49s   66.4MiB   98.3%  66.4MiB
│ Solve                     1   35.2ms    2.3%  35.2ms   1.05MiB    1.6%  1.05MiB
│ Results processing        1   2.03ms    0.1%  2.03ms    130KiB    0.2%   130KiB
│ ───────────────────────────────────────────────────────────────────────────────
└ @ PowerSimulations C:\Users\Nano\.julia\packages\PowerSimulations\hIwTZ\src\operation\decision_model.jl:473
